Build started 11/20/2016 11:10:39 AM.
     1>Project "E:\Project_2013\C4W\G3\g3-master\DLLHook\DLLHook.vcxproj" on node 2 (Rebuild target(s)).
     1>ClCompile:
         C:\Program Files (x86)\Microsoft Visual Studio 12.0\VC\bin\CL.exe /c /ZI /nologo /W3 /WX- /sdl /Od /Oy- /D WIN32 /D _DEBUG /D _WINDOWS /D _USRDLL /D DLLHOOK_EXPORTS /D _WINDLL /D _UNICODE /D UNICODE /Gm /EHsc /RTC1 /MDd /GS /fp:precise /Zc:wchar_t /Zc:forScope /Yc"stdafx.h" /Fp"Debug\DLLHook.pch" /Fo"Debug\\" /Fd"Debug\vc120.pdb" /FR"Debug\\" /Gd /TP /analyze- /errorReport:prompt stdafx.cpp
         stdafx.cpp
         C:\Program Files (x86)\Microsoft Visual Studio 12.0\VC\bin\CL.exe /c /ZI /nologo /W3 /WX- /sdl /Od /Oy- /D WIN32 /D _DEBUG /D _WINDOWS /D _USRDLL /D DLLHOOK_EXPORTS /D _WINDLL /D _UNICODE /D UNICODE /Gm /EHsc /RTC1 /MDd /GS /fp:precise /Zc:wchar_t /Zc:forScope /Yu"stdafx.h" /Fp"Debug\DLLHook.pch" /Fo"Debug\\" /Fd"Debug\vc120.pdb" /FR"Debug\\" /Gd /TP /analyze- /errorReport:prompt DLLHook.cpp
         DLLHook.cpp
         C:\Program Files (x86)\Microsoft Visual Studio 12.0\VC\bin\CL.exe /c /ZI /nologo /W3 /WX- /sdl /Od /Oy- /D WIN32 /D _DEBUG /D _WINDOWS /D _USRDLL /D DLLHOOK_EXPORTS /D _WINDLL /D _UNICODE /D UNICODE /Gm /EHsc /RTC1 /MDd /GS /fp:precise /Zc:wchar_t /Zc:forScope /Fo"Debug\\" /Fd"Debug\vc120.pdb" /FR"Debug\\" /Gd /TP /analyze- /errorReport:prompt dllmain.cpp
         dllmain.cpp
       Link:
         C:\Program Files (x86)\Microsoft Visual Studio 12.0\VC\bin\link.exe /ERRORREPORT:PROMPT /OUT:"E:\Project_2013\C4W\G3\g3-master\Debug\DLLHook.dll" /INCREMENTAL /NOLOGO kernel32.lib user32.lib gdi32.lib winspool.lib comdlg32.lib advapi32.lib shell32.lib ole32.lib oleaut32.lib uuid.lib odbc32.lib odbccp32.lib /DEF:"define.def" /MANIFEST /MANIFESTUAC:"level='asInvoker' uiAccess='false'" /manifest:embed /DEBUG /PDB:"E:\Project_2013\C4W\G3\g3-master\Debug\DLLHook.pdb" /SUBSYSTEM:WINDOWS /TLBID:1 /DYNAMICBASE /NXCOMPAT /IMPLIB:"E:\Project_2013\C4W\G3\g3-master\Debug\DLLHook.lib" /MACHINE:X86 /DLL Debug\DLLHook.obj
         Debug\dllmain.obj
         Debug\stdafx.obj
            Creating library E:\Project_2013\C4W\G3\g3-master\Debug\DLLHook.lib and object E:\Project_2013\C4W\G3\g3-master\Debug\DLLHook.exp
         DLLHook.vcxproj -> E:\Project_2013\C4W\G3\g3-master\Debug\DLLHook.dll
       BscMake:
         C:\Program Files (x86)\Microsoft Visual Studio 12.0\VC\bin\bscmake.exe /nologo /o"E:\Project_2013\C4W\G3\g3-master\Debug\DLLHook.bsc" /n Debug\DLLHook.sbr Debug\dllmain.sbr Debug\stdafx.sbr
     1>Done Building Project "E:\Project_2013\C4W\G3\g3-master\DLLHook\DLLHook.vcxproj" (Rebuild target(s)).

Build succeeded.

Time Elapsed 00:00:04.34
