Build started 11/23/2016 7:34:01 AM.
     1>Project "E:\Project_2013\C4W\G3\g3-master\ListComboKeyDLL\ListComboKeyDLL.vcxproj" on node 3 (Rebuild target(s)).
     1>ClCompile:
         C:\Program Files (x86)\Microsoft Visual Studio 12.0\VC\bin\CL.exe /c /Zi /nologo /W3 /WX- /sdl /O2 /Oi /Oy- /GL /D WIN32 /D NDEBUG /D _WINDOWS /D _USRDLL /D LISTCOMBOKEYDLL_EXPORTS /D _WINDLL /D _UNICODE /D UNICODE /Gm- /EHsc /MD /GS /Gy /fp:precise /Zc:wchar_t /Zc:forScope /Yc"stdafx.h" /Fp"Release\ListComboKeyDLL.pch" /Fo"Release\\" /Fd"Release\vc120.pdb" /Gd /TP /analyze- /errorReport:prompt stdafx.cpp
         stdafx.cpp
         C:\Program Files (x86)\Microsoft Visual Studio 12.0\VC\bin\CL.exe /c /Zi /nologo /W3 /WX- /sdl /O2 /Oi /Oy- /GL /D WIN32 /D NDEBUG /D _WINDOWS /D _USRDLL /D LISTCOMBOKEYDLL_EXPORTS /D _WINDLL /D _UNICODE /D UNICODE /Gm- /EHsc /MD /GS /Gy /fp:precise /Zc:wchar_t /Zc:forScope /Fo"Release\\" /Fd"Release\vc120.pdb" /Gd /TP /analyze- /errorReport:prompt dllmain.cpp
         dllmain.cpp
         C:\Program Files (x86)\Microsoft Visual Studio 12.0\VC\bin\CL.exe /c /Zi /nologo /W3 /WX- /sdl /O2 /Oi /Oy- /GL /D WIN32 /D NDEBUG /D _WINDOWS /D _USRDLL /D LISTCOMBOKEYDLL_EXPORTS /D _WINDLL /D _UNICODE /D UNICODE /Gm- /EHsc /MD /GS /Gy /fp:precise /Zc:wchar_t /Zc:forScope /Yu"stdafx.h" /Fp"Release\ListComboKeyDLL.pch" /Fo"Release\\" /Fd"Release\vc120.pdb" /Gd /TP /analyze- /errorReport:prompt ListComboKeyDLL.cpp
         ListComboKeyDLL.cpp
       Link:
         C:\Program Files (x86)\Microsoft Visual Studio 12.0\VC\bin\link.exe /ERRORREPORT:PROMPT /OUT:"E:\Project_2013\C4W\G3\g3-master\Release\ListComboKeyDLL.dll" /INCREMENTAL:NO /NOLOGO kernel32.lib user32.lib gdi32.lib winspool.lib comdlg32.lib advapi32.lib shell32.lib ole32.lib oleaut32.lib uuid.lib odbc32.lib odbccp32.lib /DEF:"define.def" /MANIFEST /MANIFESTUAC:"level='asInvoker' uiAccess='false'" /manifest:embed /DEBUG /PDB:"E:\Project_2013\C4W\G3\g3-master\Release\ListComboKeyDLL.pdb" /SUBSYSTEM:WINDOWS /OPT:REF /OPT:ICF /LTCG /TLBID:1 /DYNAMICBASE /NXCOMPAT /IMPLIB:"E:\Project_2013\C4W\G3\g3-master\Release\ListComboKeyDLL.lib" /MACHINE:X86 /SAFESEH /DLL Release\dllmain.obj
         Release\ListComboKeyDLL.obj
         Release\stdafx.obj
            Creating library E:\Project_2013\C4W\G3\g3-master\Release\ListComboKeyDLL.lib and object E:\Project_2013\C4W\G3\g3-master\Release\ListComboKeyDLL.exp
         Generating code
         Finished generating code
     1>LINK : warning LNK4039: section 'SHARED' specified with /SECTION option does not exist
         ListComboKeyDLL.vcxproj -> E:\Project_2013\C4W\G3\g3-master\Release\ListComboKeyDLL.dll
     1>Done Building Project "E:\Project_2013\C4W\G3\g3-master\ListComboKeyDLL\ListComboKeyDLL.vcxproj" (Rebuild target(s)).

Build succeeded.

Time Elapsed 00:00:02.84
