Build started 11/20/2016 11:10:39 AM.
     1>Project "E:\Project_2013\C4W\G3\g3-master\ListComboKeyDLL\ListComboKeyDLL.vcxproj" on node 3 (Rebuild target(s)).
     1>ClCompile:
         C:\Program Files (x86)\Microsoft Visual Studio 12.0\VC\bin\CL.exe /c /ZI /nologo /W3 /WX- /sdl /Od /Oy- /D WIN32 /D _DEBUG /D _WINDOWS /D _USRDLL /D LISTCOMBOKEYDLL_EXPORTS /D _WINDLL /D _UNICODE /D UNICODE /Gm /EHsc /RTC1 /MDd /GS /fp:precise /Zc:wchar_t /Zc:forScope /Yc"stdafx.h" /Fp"Debug\ListComboKeyDLL.pch" /Fo"Debug\\" /Fd"Debug\vc120.pdb" /FR"Debug\\" /Gd /TP /analyze- /errorReport:prompt stdafx.cpp
         stdafx.cpp
         C:\Program Files (x86)\Microsoft Visual Studio 12.0\VC\bin\CL.exe /c /ZI /nologo /W3 /WX- /sdl /Od /Oy- /D WIN32 /D _DEBUG /D _WINDOWS /D _USRDLL /D LISTCOMBOKEYDLL_EXPORTS /D _WINDLL /D _UNICODE /D UNICODE /Gm /EHsc /RTC1 /MDd /GS /fp:precise /Zc:wchar_t /Zc:forScope /Fo"Debug\\" /Fd"Debug\vc120.pdb" /FR"Debug\\" /Gd /TP /analyze- /errorReport:prompt dllmain.cpp
         dllmain.cpp
         C:\Program Files (x86)\Microsoft Visual Studio 12.0\VC\bin\CL.exe /c /ZI /nologo /W3 /WX- /sdl /Od /Oy- /D WIN32 /D _DEBUG /D _WINDOWS /D _USRDLL /D LISTCOMBOKEYDLL_EXPORTS /D _WINDLL /D _UNICODE /D UNICODE /Gm /EHsc /RTC1 /MDd /GS /fp:precise /Zc:wchar_t /Zc:forScope /Yu"stdafx.h" /Fp"Debug\ListComboKeyDLL.pch" /Fo"Debug\\" /Fd"Debug\vc120.pdb" /FR"Debug\\" /Gd /TP /analyze- /errorReport:prompt ListComboKeyDLL.cpp
         ListComboKeyDLL.cpp
       Link:
         C:\Program Files (x86)\Microsoft Visual Studio 12.0\VC\bin\link.exe /ERRORREPORT:PROMPT /OUT:"E:\Project_2013\C4W\G3\g3-master\Debug\ListComboKeyDLL.dll" /INCREMENTAL /NOLOGO kernel32.lib user32.lib gdi32.lib winspool.lib comdlg32.lib advapi32.lib shell32.lib ole32.lib oleaut32.lib uuid.lib odbc32.lib odbccp32.lib /DEF:"define.def" /MANIFEST /MANIFESTUAC:"level='asInvoker' uiAccess='false'" /manifest:embed /DEBUG /PDB:"E:\Project_2013\C4W\G3\g3-master\Debug\ListComboKeyDLL.pdb" /SUBSYSTEM:WINDOWS /TLBID:1 /DYNAMICBASE /NXCOMPAT /IMPLIB:"E:\Project_2013\C4W\G3\g3-master\Debug\ListComboKeyDLL.lib" /MACHINE:X86 /DLL Debug\dllmain.obj
         Debug\ListComboKeyDLL.obj
         Debug\stdafx.obj
            Creating library E:\Project_2013\C4W\G3\g3-master\Debug\ListComboKeyDLL.lib and object E:\Project_2013\C4W\G3\g3-master\Debug\ListComboKeyDLL.exp
     1>LINK : warning LNK4039: section 'SHARED' specified with /SECTION option does not exist
         ListComboKeyDLL.vcxproj -> E:\Project_2013\C4W\G3\g3-master\Debug\ListComboKeyDLL.dll
       BscMake:
         C:\Program Files (x86)\Microsoft Visual Studio 12.0\VC\bin\bscmake.exe /nologo /o"E:\Project_2013\C4W\G3\g3-master\Debug\ListComboKeyDLL.bsc" /n Debug\dllmain.sbr Debug\ListComboKeyDLL.sbr Debug\stdafx.sbr
     1>Done Building Project "E:\Project_2013\C4W\G3\g3-master\ListComboKeyDLL\ListComboKeyDLL.vcxproj" (Rebuild target(s)).

Build succeeded.

Time Elapsed 00:00:04.30
